{"C:\\Users\\Administrator\\Downloads\\react-projects\\src\\components\\Contacts.jsx": {"path":"C:\\Users\\Administrator\\Downloads\\react-projects\\src\\components\\Contacts.jsx","statementMap":{"0":{"start":{"line":3,"column":17},"end":{"line":17,"column":1}},"1":{"start":{"line":4,"column":2},"end":{"line":16,"column":8}}},"fnMap":{"0":{"name":"(anonymous_0)","decl":{"start":{"line":3,"column":17},"end":{"line":3,"column":18}},"loc":{"start":{"line":3,"column":23},"end":{"line":17,"column":1}},"line":3}},"branchMap":{},"s":{"0":1,"1":4},"f":{"0":4},"b":{},"_coverageSchema":"1a1c01bbd47fc00a2c39e90264f33305004495a9","hash":"31fc83c049525aad2a7fb41b32ed499cb2080e7b"}
,"C:\\Users\\Administrator\\Downloads\\react-projects\\src\\components\\Sum.js": {"path":"C:\\Users\\Administrator\\Downloads\\react-projects\\src\\components\\Sum.js","statementMap":{"0":{"start":{"line":1,"column":17},"end":{"line":3,"column":1}},"1":{"start":{"line":2,"column":4},"end":{"line":2,"column":15}}},"fnMap":{"0":{"name":"(anonymous_0)","decl":{"start":{"line":1,"column":17},"end":{"line":1,"column":18}},"loc":{"start":{"line":1,"column":24},"end":{"line":3,"column":1}},"line":1}},"branchMap":{},"s":{"0":1,"1":1},"f":{"0":1},"b":{},"_coverageSchema":"1a1c01bbd47fc00a2c39e90264f33305004495a9","hash":"678793a774d56768c14c661a8b216c3b7167a6bd"}
}
