{"C:\\Users\\Administrator\\Desktop\\react-projects\\src\\components\\Contacts.jsx": {"path":"C:\\Users\\Administrator\\Desktop\\react-projects\\src\\components\\Contacts.jsx","statementMap":{"0":{"start":{"line":3,"column":17},"end":{"line":17,"column":1}},"1":{"start":{"line":4,"column":2},"end":{"line":16,"column":8}}},"fnMap":{"0":{"name":"(anonymous_0)","decl":{"start":{"line":3,"column":17},"end":{"line":3,"column":18}},"loc":{"start":{"line":3,"column":23},"end":{"line":17,"column":1}},"line":3}},"branchMap":{},"s":{"0":1,"1":4},"f":{"0":4},"b":{},"_coverageSchema":"1a1c01bbd47fc00a2c39e90264f33305004495a9","hash":"fcb99cbde89208a1c7dc61a6847bd4d843cd7f40"}
,"C:\\Users\\Administrator\\Desktop\\react-projects\\src\\components\\Sum.js": {"path":"C:\\Users\\Administrator\\Desktop\\react-projects\\src\\components\\Sum.js","statementMap":{"0":{"start":{"line":1,"column":17},"end":{"line":3,"column":1}},"1":{"start":{"line":2,"column":4},"end":{"line":2,"column":15}}},"fnMap":{"0":{"name":"(anonymous_0)","decl":{"start":{"line":1,"column":17},"end":{"line":1,"column":18}},"loc":{"start":{"line":1,"column":24},"end":{"line":3,"column":1}},"line":1}},"branchMap":{},"s":{"0":1,"1":1},"f":{"0":1},"b":{},"_coverageSchema":"1a1c01bbd47fc00a2c39e90264f33305004495a9","hash":"b68a60b83e6c17f73a3e911201c04b1be889ea10"}
}
